<?xml version="1.0" encoding="UTF-8"?>
<testng-results skipped="0" failed="0" ignored="0" total="1" passed="1">
  <reporter-output>
  </reporter-output>
  <suite name="demobank" duration-ms="49434" started-at="2020-01-31T10:09:50Z" finished-at="2020-01-31T10:10:39Z">
    <groups>
    </groups>
    <test name="demobank test" duration-ms="49434" started-at="2020-01-31T10:09:50Z" finished-at="2020-01-31T10:10:39Z">
      <class name="demobank.testcases.Tc_LoginTest_001">
        <test-method status="PASS" signature="setup(java.lang.String)[pri:0, instance:demobank.testcases.Tc_LoginTest_001@4461c7e3]" name="setup" is-config="true" duration-ms="37512" started-at="2020-01-31T10:09:50Z" finished-at="2020-01-31T10:10:28Z">
          <params>
            <param index="0">
              <value>
                <![CDATA[chrome]]>
              </value>
            </param>
          </params>
          <reporter-output>
          </reporter-output>
        </test-method> <!-- setup -->
        <test-method status="PASS" signature="LoginTest()[pri:0, instance:demobank.testcases.Tc_LoginTest_001@4461c7e3]" name="LoginTest" duration-ms="11001" started-at="2020-01-31T10:10:28Z" finished-at="2020-01-31T10:10:39Z">
          <reporter-output>
          </reporter-output>
        </test-method> <!-- LoginTest -->
        <test-method status="PASS" signature="tearDown()[pri:0, instance:demobank.testcases.Tc_LoginTest_001@4461c7e3]" name="tearDown" is-config="true" duration-ms="610" started-at="2020-01-31T10:10:39Z" finished-at="2020-01-31T10:10:39Z">
          <reporter-output>
          </reporter-output>
        </test-method> <!-- tearDown -->
      </class> <!-- demobank.testcases.Tc_LoginTest_001 -->
    </test> <!-- demobank test -->
  </suite> <!-- demobank -->
</testng-results>
